\BOOKMARK [0][-]{chapter.1}{مقدمه و مفاهیم اولیه}{}% 1
\BOOKMARK [1][-]{section.1.1}{روش وارسی مدل}{chapter.1}% 2
\BOOKMARK [2][-]{subsection.1.1.1}{زبان LTL}{section.1.1}% 3
\BOOKMARK [2][-]{subsection.1.1.2}{معناشناسی LTL}{section.1.1}% 4
\BOOKMARK [1][-]{section.1.2}{نحو زبان مورد بررسی‬}{chapter.1}% 5
\BOOKMARK [1][-]{section.1.3}{معناشناسی زبان مورد بررسی‬}{chapter.1}% 6
\BOOKMARK [2][-]{subsection.1.3.1}{برچسب‌ها}{section.1.3}% 7
\BOOKMARK [2][-]{subsection.1.3.2}{رد پیشوندی}{section.1.3}% 8
\BOOKMARK [2][-]{subsection.1.3.3}{تعریف معناشناسی رد پیشوندی}{section.1.3}% 9
\BOOKMARK [0][-]{chapter.2}{صوری‌گری جدید برای روش وارسی مدل}{}% 10
\BOOKMARK [1][-]{section.2.1}{ویژگی‌های معنایی برنامه‌ها}{chapter.2}% 11
\BOOKMARK [2][-]{subsection.2.1.1}{ویژگی‌های معنایی}{section.2.1}% 12
\BOOKMARK [2][-]{subsection.2.1.2}{عبارات منظم}{section.2.1}% 13
\BOOKMARK [2][-]{subsection.2.1.3}{زبان عبارات منظم}{section.2.1}% 14
\BOOKMARK [2][-]{subsection.2.1.4}{معناشناسی عبارات منظم}{section.2.1}% 15
\BOOKMARK [2][-]{subsection.2.1.5}{گونه‌های مختلف زبان عبارات منظم}{section.2.1}% 16
\BOOKMARK [1][-]{section.2.2}{صورت جدید مسئله‌ی وارسی مدل}{chapter.2}% 17
\BOOKMARK [1][-]{section.2.3}{در مورد توقف پذیری}{chapter.2}% 18
\BOOKMARK [0][-]{chapter.3}{وارسی مدل منظم}{}% 19
\BOOKMARK [1][-]{section.3.1}{در مورد عبارات منظم}{chapter.3}% 20
\BOOKMARK [2][-]{subsection.3.1.1}{هم‌ارزی عبارات منظم}{section.3.1}% 21
\BOOKMARK [2][-]{subsection.3.1.2}{فرم نرمال فصلی}{section.3.1}% 22
\BOOKMARK [2][-]{subsection.3.1.3}{سر و دم عبارات منظم}{section.3.1}% 23
\BOOKMARK [1][-]{section.3.2}{وارسی مدل منظم}{chapter.3}% 24
\BOOKMARK [2][-]{subsection.3.2.1}{صورت}{section.3.2}% 25
\BOOKMARK [2][-]{subsection.3.2.2}{درستی و تمامیت}{section.3.2}% 26
\BOOKMARK [0][-]{chapter.4}{وارسی مدل ساختارمند}{}% 27
\BOOKMARK [0][-]{chapter.5}{نتیجه گیری}{}% 28
\BOOKMARK [0][-]{section*.9}{واژه‌نامهٔ فارسی به انگلیسی}{}% 29
\BOOKMARK [0][-]{section*.32}{واژه‌نامهٔ انگلیسی به فارسی}{}% 30
